<?xml version="1.0" encoding="UTF-8"?>
<!-- Generated by org.testng.reporters.JUnitReportReporter -->
<testsuite hostname="DESKTOP-H0PI4DT" failures="0" tests="1" name="actionExample.DragDropExample" time="0.889" errors="0" timestamp="2022-04-23T18:59:58 IST" skipped="0">
  <testcase classname="actionExample.DragDropExample" name="dragDropTest2" time="0.889"/>
  <system-out/>
</testsuite> <!-- actionExample.DragDropExample -->
