<?xml version="1.0" encoding="UTF-8"?>
<!-- Generated by org.testng.reporters.JUnitReportReporter -->
<testsuite hostname="DESKTOP-H0PI4DT" failures="0" tests="1" name="hrmLoginTest.HRMLoginExample" time="2.066" errors="0" timestamp="2022-04-23T20:28:44 IST" skipped="0">
  <testcase classname="hrmLoginTest.HRMLoginExample" name="loginWithValidUserDetails" time="2.066"/>
  <system-out/>
</testsuite> <!-- hrmLoginTest.HRMLoginExample -->
