<?xml version="1.0" encoding="UTF-8"?>
<!-- Generated by org.testng.reporters.JUnitReportReporter -->
<testsuite hostname="DESKTOP-H0PI4DT" failures="0" tests="4" name="tests.LoginTest" time="2.258" errors="0" timestamp="2022-04-23T22:21:16 IST" skipped="0">
  <testcase classname="tests.LoginTest" name="verifyAppTitle" time="0.036"/>
  <system-out/>
  <testcase classname="tests.LoginTest" name="verifyforgotPassword" time="0.204"/>
  <system-out/>
  <testcase classname="tests.LoginTest" name="verifyLoginWithValidUserdetails" time="2.016"/>
  <system-out/>
  <testcase classname="tests.LoginTest" name="verifyLogout" time="0.002"/>
  <system-out/>
</testsuite> <!-- tests.LoginTest -->
