<?xml version="1.0" encoding="UTF-8"?>
<!-- Generated by org.testng.reporters.JUnitReportReporter -->
<testsuite skipped="0" hostname="DESKTOP-H0PI4DT" name="tests.LoginTest" tests="4" failures="0" timestamp="2022-04-23T22:42:48 IST" time="5.396" errors="0">
  <testcase name="verifyforgotPassword" time="0.168" classname="tests.LoginTest"/>
  <system-out/>
  <testcase name="verifyAppTitle" time="0.020" classname="tests.LoginTest"/>
  <system-out/>
  <testcase name="verifyLoginWithValidUserdetails" time="5.208" classname="tests.LoginTest"/>
  <system-out/>
  <testcase name="verifyLogout" time="0.000" classname="tests.LoginTest"/>
  <system-out/>
</testsuite> <!-- tests.LoginTest -->
